[I 2026-01-06 01:33:57,904] Trial 48 pruned. pruned at epoch=1, val_loss=0.9930550527241495
[I 2026-01-06 01:44:47,718] Trial 49 pruned. pruned at epoch=1, val_loss=1.0369238656191597
[I 2026-01-06 01:47:20,166] Trial 50 finished with value: 0.6385300958156586 and parameters: {'mcm_num_heads': 8, 'mcm_dropout': 0.06525477758767949, 'bottleneck_dropout': 0.07756432795248985, 'lr': 0.0005233530879734891, 'weight_decay': 3.2563589148673576e-06, 'n_augmentations': 5, 'meta_batch_size': 2, 'train_size': 128, 'max_icl_len': 256, 'mantis_batch_size': 128}. Best is trial 43 with value: 0.4528474217653275.
[I 2026-01-06 01:50:00,073] Trial 51 finished with value: 0.6584070975581805 and parameters: {'mcm_num_heads': 8, 'mcm_dropout': 0.0864088161328851, 'bottleneck_dropout': 0.11652409739234819, 'lr': 0.00022359662997992454, 'weight_decay': 1.1161483511990885e-06, 'n_augmentations': 6, 'meta_batch_size': 2, 'train_size': 128, 'max_icl_len': 256, 'mantis_batch_size': 128}. Best is trial 43 with value: 0.4528474217653275.
[MantisTabICL] Loaded pretrained Mantis encoder from /data0/fangjuntao2025/CauKer/CauKerOrign/CauKer-main/Models/Mantis/Mantis_cheickpoint
Loading weights from local directory
[MantisTabICL] Loaded pretrained Mantis encoder from /data0/fangjuntao2025/CauKer/CauKerOrign/CauKer-main/Models/Mantis/Mantis_cheickpoint
Loading weights from local directory
[MantisTabICL] Loaded pretrained Mantis encoder from /data0/fangjuntao2025/CauKer/CauKerOrign/CauKer-main/Models/Mantis/Mantis_cheickpoint
Loading weights from local directory
[MantisTabICL] Loaded pretrained Mantis encoder from /data0/fangjuntao2025/CauKer/CauKerOrign/CauKer-main/Models/Mantis/Mantis_cheickpoint
[Optuna] Finished.
{
  "study_name": "calda_v2_search",
  "direction": "MINIMIZE",
  "best_value": 0.4528474217653275,
  "best_params": {
    "mcm_num_heads": 8,
    "mcm_dropout": 0.07130826311317541,
    "bottleneck_dropout": 0.09484260007283046,
    "lr": 0.00021663747684229232,
    "weight_decay": 1.3789388637504615e-05,
    "n_augmentations": 5,
    "meta_batch_size": 2,
    "train_size": 128,
    "max_icl_len": 256,
    "mantis_batch_size": 128
  },
  "best_trial_number": 43,
  "n_trials": 52,
  "storage": "sqlite:///optuna_calda_v2.db",
  "finished_at": "2026-01-06 01:50:00"
}
